  [1m[35m (438.9ms)[0m  [1m[35mCREATE DATABASE "fmy_rails_project_development" ENCODING = 'unicode'[0m
  [1m[35m (133.6ms)[0m  [1m[35mCREATE DATABASE "fmy_rails_project_test" ENCODING = 'unicode'[0m
Started GET "/" for ::1 at 2022-10-19 14:36:40 -0400
  
ActiveRecord::NoDatabaseError (We could not find your database: fmy_rails_project_development. Which can be found in the database configuration file located at config/database.yml.

To resolve this issue:

- Did you create the database for this app, or delete it? You may need to create your database.
- Has the database name changed? Check your database.yml config has the correct database name.

To create your database, run:

        bin/rails db:create
):
  
activerecord (7.0.4) lib/active_record/connection_adapters/postgresql_adapter.rb:81:in `rescue in new_client'
activerecord (7.0.4) lib/active_record/connection_adapters/postgresql_adapter.rb:77:in `new_client'
activerecord (7.0.4) lib/active_record/connection_adapters/postgresql_adapter.rb:37:in `postgresql_connection'
activerecord (7.0.4) lib/active_record/connection_adapters/abstract/connection_pool.rb:656:in `public_send'
activerecord (7.0.4) lib/active_record/connection_adapters/abstract/connection_pool.rb:656:in `new_connection'
activerecord (7.0.4) lib/active_record/connection_adapters/abstract/connection_pool.rb:700:in `checkout_new_connection'
activerecord (7.0.4) lib/active_record/connection_adapters/abstract/connection_pool.rb:679:in `try_to_checkout_new_connection'
activerecord (7.0.4) lib/active_record/connection_adapters/abstract/connection_pool.rb:640:in `acquire_connection'
activerecord (7.0.4) lib/active_record/connection_adapters/abstract/connection_pool.rb:341:in `checkout'
activerecord (7.0.4) lib/active_record/connection_adapters/abstract/connection_pool.rb:181:in `connection'
activerecord (7.0.4) lib/active_record/connection_adapters/abstract/connection_handler.rb:211:in `retrieve_connection'
activerecord (7.0.4) lib/active_record/connection_handling.rb:313:in `retrieve_connection'
activerecord (7.0.4) lib/active_record/connection_handling.rb:280:in `connection'
activerecord (7.0.4) lib/active_record/migration.rb:613:in `connection'
activerecord (7.0.4) lib/active_record/migration.rb:608:in `build_watcher'
activerecord (7.0.4) lib/active_record/migration.rb:590:in `block in call'
activerecord (7.0.4) lib/active_record/migration.rb:589:in `synchronize'
activerecord (7.0.4) lib/active_record/migration.rb:589:in `call'
actionpack (7.0.4) lib/action_dispatch/middleware/callbacks.rb:27:in `block in call'
activesupport (7.0.4) lib/active_support/callbacks.rb:99:in `run_callbacks'
actionpack (7.0.4) lib/action_dispatch/middleware/callbacks.rb:26:in `call'
actionpack (7.0.4) lib/action_dispatch/middleware/executor.rb:14:in `call'
actionpack (7.0.4) lib/action_dispatch/middleware/actionable_exceptions.rb:17:in `call'
actionpack (7.0.4) lib/action_dispatch/middleware/debug_exceptions.rb:28:in `call'
actionpack (7.0.4) lib/action_dispatch/middleware/show_exceptions.rb:26:in `call'
railties (7.0.4) lib/rails/rack/logger.rb:40:in `call_app'
railties (7.0.4) lib/rails/rack/logger.rb:25:in `block in call'
activesupport (7.0.4) lib/active_support/tagged_logging.rb:99:in `block in tagged'
activesupport (7.0.4) lib/active_support/tagged_logging.rb:37:in `tagged'
activesupport (7.0.4) lib/active_support/tagged_logging.rb:99:in `tagged'
railties (7.0.4) lib/rails/rack/logger.rb:25:in `call'
sprockets-rails (3.4.2) lib/sprockets/rails/quiet_assets.rb:13:in `call'
actionpack (7.0.4) lib/action_dispatch/middleware/remote_ip.rb:93:in `call'
actionpack (7.0.4) lib/action_dispatch/middleware/request_id.rb:26:in `call'
rack (2.2.4) lib/rack/method_override.rb:24:in `call'
rack (2.2.4) lib/rack/runtime.rb:22:in `call'
activesupport (7.0.4) lib/active_support/cache/strategy/local_cache_middleware.rb:29:in `call'
actionpack (7.0.4) lib/action_dispatch/middleware/server_timing.rb:61:in `block in call'
actionpack (7.0.4) lib/action_dispatch/middleware/server_timing.rb:26:in `collect_events'
actionpack (7.0.4) lib/action_dispatch/middleware/server_timing.rb:60:in `call'
actionpack (7.0.4) lib/action_dispatch/middleware/executor.rb:14:in `call'
actionpack (7.0.4) lib/action_dispatch/middleware/static.rb:23:in `call'
rack (2.2.4) lib/rack/sendfile.rb:110:in `call'
actionpack (7.0.4) lib/action_dispatch/middleware/host_authorization.rb:137:in `call'
railties (7.0.4) lib/rails/engine.rb:530:in `call'
puma (5.6.5) lib/puma/configuration.rb:252:in `call'
puma (5.6.5) lib/puma/request.rb:77:in `block in handle_request'
puma (5.6.5) lib/puma/thread_pool.rb:340:in `with_force_shutdown'
puma (5.6.5) lib/puma/request.rb:76:in `handle_request'
puma (5.6.5) lib/puma/server.rb:443:in `process_client'
puma (5.6.5) lib/puma/thread_pool.rb:147:in `block in spawn_thread'
  [1m[35m (217.8ms)[0m  [1m[35mCREATE DATABASE "fmy_rails_project_development" ENCODING = 'unicode'[0m
  [1m[35m (161.1ms)[0m  [1m[35mCREATE DATABASE "fmy_rails_project_test" ENCODING = 'unicode'[0m
Started GET "/" for ::1 at 2022-10-19 14:37:50 -0400
Processing by Rails::WelcomeController#index as HTML
  Rendering /home/jcar/.rbenv/versions/3.1.1/lib/ruby/gems/3.1.0/gems/railties-7.0.4/lib/rails/templates/rails/welcome/index.html.erb
  Rendered /home/jcar/.rbenv/versions/3.1.1/lib/ruby/gems/3.1.0/gems/railties-7.0.4/lib/rails/templates/rails/welcome/index.html.erb (Duration: 1.8ms | Allocations: 529)
Completed 200 OK in 11ms (Views: 5.5ms | ActiveRecord: 0.0ms | Allocations: 2797)


Started GET "/users" for ::1 at 2022-10-19 14:42:42 -0400
  
ActionController::RoutingError (uninitialized constant UsersController

      Object.const_get(camel_cased_word)
            ^^^^^^^^^^
Did you mean?  UsersControllers

            raise MissingController.new(error.message, error.name)
            ^^^^^):
  
Started GET "/users" for ::1 at 2022-10-19 14:43:08 -0400
  
ActionController::RoutingError (uninitialized constant UsersController

      Object.const_get(camel_cased_word)
            ^^^^^^^^^^
Did you mean?  UsersControllers

            raise MissingController.new(error.message, error.name)
            ^^^^^):
  
Started GET "/users" for ::1 at 2022-10-19 14:43:20 -0400
  
ActionController::RoutingError (uninitialized constant UsersController

      Object.const_get(camel_cased_word)
            ^^^^^^^^^^
Did you mean?  UsersControllers

            raise MissingController.new(error.message, error.name)
            ^^^^^):
  
Started GET "/users" for ::1 at 2022-10-19 14:44:06 -0400
  
ActionController::RoutingError (uninitialized constant UsersController

      Object.const_get(camel_cased_word)
            ^^^^^^^^^^
Did you mean?  UsersControllers

            raise MissingController.new(error.message, error.name)
            ^^^^^):
  
Started GET "/users" for ::1 at 2022-10-19 14:45:07 -0400
Processing by UsersController#index as */*
No template found for UsersController#index, rendering head :no_content
Completed 204 No Content in 1ms (ActiveRecord: 0.0ms | Allocations: 314)


Started GET "/users" for ::1 at 2022-10-19 14:45:51 -0400
Processing by UsersController#index as */*
  Rendering text template
  Rendered text template (Duration: 0.0ms | Allocations: 9)
Completed 200 OK in 3ms (Views: 2.1ms | ActiveRecord: 0.0ms | Allocations: 661)


Started GET "/users" for ::1 at 2022-10-19 14:49:20 -0400
Processing by UsersController#index as */*
Completed 500 Internal Server Error in 4ms (ActiveRecord: 0.0ms | Allocations: 1942)


  
NameError (uninitialized constant UsersController::User

    @users = User.all
             ^^^^):
  
app/controllers/users_controller.rb:4:in `index'
Started GET "/users" for ::1 at 2022-10-19 14:49:41 -0400
Processing by UsersController#index as */*
Completed 500 Internal Server Error in 5ms (ActiveRecord: 0.0ms | Allocations: 1832)


  
NameError (uninitialized constant UsersController::Users

    @users = Users.all
             ^^^^^):
  
app/controllers/users_controller.rb:4:in `index'
Started GET "/users?fox=two" for ::1 at 2022-10-19 14:51:36 -0400
Processing by UsersController#index as */*
  Parameters: {"fox"=>"two"}
Completed 200 OK in 5ms (Views: 2.9ms | ActiveRecord: 0.0ms | Allocations: 331)


Started GET "/users?User(fox)=two" for ::1 at 2022-10-19 14:52:33 -0400
Processing by UsersController#index as */*
  Parameters: {"User(fox)"=>"two"}
Completed 200 OK in 2ms (Views: 1.5ms | ActiveRecord: 0.0ms | Allocations: 109)


Started GET "/users" for ::1 at 2022-10-19 14:53:27 -0400
Processing by UsersController#index as */*
Completed 200 OK in 1ms (Views: 0.8ms | ActiveRecord: 0.0ms | Allocations: 100)


Started GET "/users?box[dog]=two" for ::1 at 2022-10-19 14:53:30 -0400
Processing by UsersController#index as */*
  Parameters: {"box"=>{"dog"=>"two"}}
Completed 200 OK in 1ms (Views: 0.4ms | ActiveRecord: 0.0ms | Allocations: 117)


Started GET "/users?box[dog[cat]]=two" for ::1 at 2022-10-19 14:53:47 -0400
Processing by UsersController#index as */*
  Parameters: {"box"=>{"dog"=>{"cat"=>"two"}}}
Completed 200 OK in 0ms (Views: 0.2ms | ActiveRecord: 0.0ms | Allocations: 126)


Started GET "/users?box[dog[cat]]=[two[one]]" for ::1 at 2022-10-19 14:54:00 -0400
Processing by UsersController#index as */*
  Parameters: {"box"=>{"dog"=>{"cat"=>"[two[one]]"}}}
Completed 200 OK in 0ms (Views: 0.2ms | ActiveRecord: 0.0ms | Allocations: 123)


Started GET "/users?box[dog[cat]]=two&box[dog]=one" for ::1 at 2022-10-19 14:54:52 -0400
Processing by UsersController#index as */*
  Parameters: {"box"=>{"dog"=>"one"}}
Completed 200 OK in 0ms (Views: 0.2ms | ActiveRecord: 0.0ms | Allocations: 117)


Started GET "/users?box[dog][cat]=two&box[dog]=one" for ::1 at 2022-10-19 14:55:10 -0400
Processing by UsersController#index as */*
  Parameters: {"box"=>{"dog"=>"one"}}
Completed 200 OK in 0ms (Views: 0.2ms | ActiveRecord: 0.0ms | Allocations: 116)


Started GET "/users?box[dog][cat]=two" for ::1 at 2022-10-19 14:55:13 -0400
Processing by UsersController#index as */*
  Parameters: {"box"=>{"dog"=>{"cat"=>"two"}}}
Completed 200 OK in 0ms (Views: 0.3ms | ActiveRecord: 0.0ms | Allocations: 123)


Started GET "/users?box[dog][cat]=two&box[blue]=one" for ::1 at 2022-10-19 14:55:53 -0400
Processing by UsersController#index as */*
  Parameters: {"box"=>{"dog"=>{"cat"=>"two"}, "blue"=>"one"}}
Completed 200 OK in 0ms (Views: 0.2ms | ActiveRecord: 0.0ms | Allocations: 132)


Started GET "/users" for ::1 at 2022-10-19 15:00:41 -0400
Processing by UsersController#index as */*
Completed 200 OK in 1ms (Views: 1.1ms | ActiveRecord: 0.0ms | Allocations: 368)


Started GET "/users?fav_food=pizza" for ::1 at 2022-10-19 15:01:49 -0400
Processing by UsersController#index as */*
  Parameters: {"fav_food"=>"pizza"}
Completed 200 OK in 1ms (Views: 0.6ms | ActiveRecord: 0.0ms | Allocations: 113)


  [1m[35m (47.3ms)[0m  [1m[35mCREATE TABLE "schema_migrations" ("version" character varying NOT NULL PRIMARY KEY)[0m
  [1m[35m (16.8ms)[0m  [1m[35mCREATE TABLE "ar_internal_metadata" ("key" character varying NOT NULL PRIMARY KEY, "value" character varying, "created_at" timestamp(6) NOT NULL, "updated_at" timestamp(6) NOT NULL)[0m
  [1m[35m (1.0ms)[0m  [1m[34mSELECT pg_try_advisory_lock(8193418225469948520)[0m
  [1m[36mActiveRecord::SchemaMigration Pluck (0.9ms)[0m  [1m[34mSELECT "schema_migrations"."version" FROM "schema_migrations" ORDER BY "schema_migrations"."version" ASC[0m
Migrating to CreateCreateUsers (20221019190603)
  [1m[36mTRANSACTION (0.7ms)[0m  [1m[35mBEGIN[0m
  [1m[35m (16.2ms)[0m  [1m[35mCREATE TABLE "create_users" ("id" bigserial primary key, "name" character varying NOT NULL, "email" character varying NOT NULL, "created_at" timestamp(6) NOT NULL, "updated_at" timestamp(6) NOT NULL)[0m
  [1m[36mActiveRecord::SchemaMigration Create (2.2ms)[0m  [1m[32mINSERT INTO "schema_migrations" ("version") VALUES ($1) RETURNING "version"[0m  [["version", "20221019190603"]]
  [1m[36mTRANSACTION (2.9ms)[0m  [1m[35mCOMMIT[0m
  [1m[36mActiveRecord::InternalMetadata Load (0.9ms)[0m  [1m[34mSELECT "ar_internal_metadata".* FROM "ar_internal_metadata" WHERE "ar_internal_metadata"."key" = $1 LIMIT $2[0m  [["key", "environment"], ["LIMIT", 1]]
  [1m[36mTRANSACTION (0.4ms)[0m  [1m[35mBEGIN[0m
  [1m[36mActiveRecord::InternalMetadata Create (1.3ms)[0m  [1m[32mINSERT INTO "ar_internal_metadata" ("key", "value", "created_at", "updated_at") VALUES ($1, $2, $3, $4) RETURNING "key"[0m  [["key", "environment"], ["value", "development"], ["created_at", "2022-10-19 19:07:31.760939"], ["updated_at", "2022-10-19 19:07:31.760939"]]
  [1m[36mTRANSACTION (2.7ms)[0m  [1m[35mCOMMIT[0m
  [1m[35m (1.0ms)[0m  [1m[34mSELECT pg_advisory_unlock(8193418225469948520)[0m
  [1m[36mActiveRecord::SchemaMigration Pluck (1.2ms)[0m  [1m[34mSELECT "schema_migrations"."version" FROM "schema_migrations" ORDER BY "schema_migrations"."version" ASC[0m
  [1m[36mTRANSACTION (0.8ms)[0m  [1m[35mBEGIN[0m
  [1m[36mCreateUsers Create (1.4ms)[0m  [1m[32mINSERT INTO "create_users" ("name", "email", "created_at", "updated_at") VALUES ($1, $2, $3, $4) RETURNING "id"[0m  [["name", "Kyle"], ["email", "Kyle@gmail.com"], ["created_at", "2022-10-19 19:21:51.514986"], ["updated_at", "2022-10-19 19:21:51.514986"]]
  [1m[36mTRANSACTION (20.8ms)[0m  [1m[35mCOMMIT[0m
  [1m[36mTRANSACTION (0.6ms)[0m  [1m[35mBEGIN[0m
  [1m[36mCreateUsers Create (1.2ms)[0m  [1m[32mINSERT INTO "create_users" ("name", "email", "created_at", "updated_at") VALUES ($1, $2, $3, $4) RETURNING "id"[0m  [["name", "Kyle"], ["email", "Kyle@gmail.com"], ["created_at", "2022-10-19 19:22:28.008750"], ["updated_at", "2022-10-19 19:22:28.008750"]]
  [1m[36mTRANSACTION (22.2ms)[0m  [1m[35mCOMMIT[0m
  [1m[36mTRANSACTION (0.8ms)[0m  [1m[35mBEGIN[0m
  [1m[36mCreateUsers Create (1.0ms)[0m  [1m[32mINSERT INTO "create_users" ("name", "email", "created_at", "updated_at") VALUES ($1, $2, $3, $4) RETURNING "id"[0m  [["name", "Kyle"], ["email", "Kyle@gmail.com"], ["created_at", "2022-10-19 19:22:33.546321"], ["updated_at", "2022-10-19 19:22:33.546321"]]
  [1m[36mTRANSACTION (22.4ms)[0m  [1m[35mCOMMIT[0m
  [1m[36mTRANSACTION (0.5ms)[0m  [1m[35mBEGIN[0m
  [1m[36mCreateUsers Create (0.9ms)[0m  [1m[32mINSERT INTO "create_users" ("name", "email", "created_at", "updated_at") VALUES ($1, $2, $3, $4) RETURNING "id"[0m  [["name", "Kyle"], ["email", "Kyle@gmail.com"], ["created_at", "2022-10-19 19:22:37.078851"], ["updated_at", "2022-10-19 19:22:37.078851"]]
  [1m[36mTRANSACTION (4.9ms)[0m  [1m[35mCOMMIT[0m
  [1m[36mTRANSACTION (0.5ms)[0m  [1m[35mBEGIN[0m
  [1m[36mCreateUsers Create (0.8ms)[0m  [1m[32mINSERT INTO "create_users" ("name", "email", "created_at", "updated_at") VALUES ($1, $2, $3, $4) RETURNING "id"[0m  [["name", "Kyle"], ["email", "Kyle@gmail.com"], ["created_at", "2022-10-19 19:22:38.703288"], ["updated_at", "2022-10-19 19:22:38.703288"]]
  [1m[36mTRANSACTION (22.3ms)[0m  [1m[35mCOMMIT[0m
Started POST "/users?name=Myron" for ::1 at 2022-10-19 15:26:31 -0400
  [1m[36mActiveRecord::SchemaMigration Pluck (1.0ms)[0m  [1m[34mSELECT "schema_migrations"."version" FROM "schema_migrations" ORDER BY "schema_migrations"."version" ASC[0m
Processing by UsersController#create as */*
  Parameters: {"name"=>"Myron"}
Completed 400 Bad Request in 1ms (ActiveRecord: 0.0ms | Allocations: 829)


  
ActionController::ParameterMissing (param is missing or the value is empty: user):
  
app/controllers/users_controller.rb:8:in `create'
Started POST "/users?name=Myron" for ::1 at 2022-10-19 15:28:40 -0400
  [1m[36mActiveRecord::SchemaMigration Pluck (2.1ms)[0m  [1m[34mSELECT "schema_migrations"."version" FROM "schema_migrations" ORDER BY "schema_migrations"."version" ASC[0m
Processing by UsersController#create as */*
  Parameters: {"name"=>"Myron"}
Completed 400 Bad Request in 2ms (ActiveRecord: 0.0ms | Allocations: 828)


  
ActionController::ParameterMissing (param is missing or the value is empty: user):
  
app/controllers/users_controller.rb:8:in `create'
Started POST "/users?name=Myron&email=Myron@gmail.com" for ::1 at 2022-10-19 15:29:01 -0400
Processing by UsersController#create as */*
  Parameters: {"name"=>"Myron", "email"=>"Myron@gmail.com"}
Completed 400 Bad Request in 1ms (ActiveRecord: 0.0ms | Allocations: 159)


  
ActionController::ParameterMissing (param is missing or the value is empty: user):
  
app/controllers/users_controller.rb:8:in `create'
Started POST "/users?user[name]=Myron&user[email]=Myron@gmail.com" for ::1 at 2022-10-19 15:30:19 -0400
Processing by UsersController#create as */*
  Parameters: {"user"=>{"name"=>"Myron", "email"=>"Myron@gmail.com"}}
  [1m[36mTRANSACTION (0.6ms)[0m  [1m[35mBEGIN[0m
  ↳ app/controllers/users_controller.rb:9:in `create'
  [1m[36mCreateUsers Create (1.2ms)[0m  [1m[32mINSERT INTO "create_users" ("name", "email", "created_at", "updated_at") VALUES ($1, $2, $3, $4) RETURNING "id"[0m  [["name", "Myron"], ["email", "Myron@gmail.com"], ["created_at", "2022-10-19 19:30:19.273347"], ["updated_at", "2022-10-19 19:30:19.273347"]]
  ↳ app/controllers/users_controller.rb:9:in `create'
  [1m[36mTRANSACTION (21.9ms)[0m  [1m[35mCOMMIT[0m
  ↳ app/controllers/users_controller.rb:9:in `create'
Completed 200 OK in 67ms (Views: 1.1ms | ActiveRecord: 36.7ms | Allocations: 7252)


Started GET "/users" for ::1 at 2022-10-19 15:32:32 -0400
  [1m[36mActiveRecord::SchemaMigration Pluck (1.2ms)[0m  [1m[34mSELECT "schema_migrations"."version" FROM "schema_migrations" ORDER BY "schema_migrations"."version" ASC[0m
  
SyntaxError (/home/jcar/dev/aAclasswork/W6D3/fmy_rails_project/app/controllers/users_controller.rb:19: syntax error, unexpected end-of-input, expecting ';' or '\n'):
  
app/controllers/users_controller.rb:19: syntax error, unexpected end-of-input, expecting ';' or '\n'
app/controllers/users_controller.rb:19: syntax error, unexpected end-of-input, expecting ';' or '\n'
Started GET "/users" for ::1 at 2022-10-19 15:32:53 -0400
  [1m[36mActiveRecord::SchemaMigration Pluck (1.0ms)[0m  [1m[34mSELECT "schema_migrations"."version" FROM "schema_migrations" ORDER BY "schema_migrations"."version" ASC[0m
Processing by UsersController#index as */*
  [1m[36mCreateUsers Load (2.0ms)[0m  [1m[34mSELECT "create_users".* FROM "create_users"[0m
  ↳ app/controllers/users_controller.rb:5:in `index'
Completed 200 OK in 32ms (Views: 13.0ms | ActiveRecord: 11.2ms | Allocations: 6615)


Started GET "/users/1" for ::1 at 2022-10-19 15:34:48 -0400
  [1m[36mActiveRecord::SchemaMigration Pluck (1.2ms)[0m  [1m[34mSELECT "schema_migrations"."version" FROM "schema_migrations" ORDER BY "schema_migrations"."version" ASC[0m
Processing by UsersController#show as */*
  Parameters: {"id"=>"1"}
  [1m[36mCreateUsers Load (0.8ms)[0m  [1m[34mSELECT "create_users".* FROM "create_users" WHERE "create_users"."id" = $1 LIMIT $2[0m  [["id", 1], ["LIMIT", 1]]
  ↳ app/controllers/users_controller.rb:18:in `show'
Completed 200 OK in 30ms (Views: 0.8ms | ActiveRecord: 8.0ms | Allocations: 6999)


Started GET "/users/1" for ::1 at 2022-10-19 15:35:49 -0400
  [1m[36mActiveRecord::SchemaMigration Pluck (1.2ms)[0m  [1m[34mSELECT "schema_migrations"."version" FROM "schema_migrations" ORDER BY "schema_migrations"."version" ASC[0m
Processing by UsersController#show as */*
  Parameters: {"id"=>"1"}
  [1m[36mCreateUsers Load (0.9ms)[0m  [1m[34mSELECT "create_users".* FROM "create_users" WHERE "create_users"."id" = $1 LIMIT $2[0m  [["id", 1], ["LIMIT", 1]]
  ↳ app/controllers/users_controller.rb:18:in `show'
Completed 200 OK in 27ms (Views: 1.4ms | ActiveRecord: 7.8ms | Allocations: 7000)


Started PATCH "/users?id=1&name=Bob&email=Bob@gmail.com" for ::1 at 2022-10-19 15:42:11 -0400
  [1m[36mActiveRecord::SchemaMigration Pluck (1.4ms)[0m  [1m[34mSELECT "schema_migrations"."version" FROM "schema_migrations" ORDER BY "schema_migrations"."version" ASC[0m
  
ActionController::RoutingError (No route matches [PATCH] "/users"):
  
Started PATCH "/users/1/?name=Bob&email=Bob@gmail.com" for ::1 at 2022-10-19 15:43:08 -0400
Processing by UsersController#update as */*
  Parameters: {"name"=>"Bob", "email"=>"Bob@gmail.com", "id"=>"1"}
  [1m[36mCreateUsers Load (0.7ms)[0m  [1m[34mSELECT "create_users".* FROM "create_users" WHERE "create_users"."id" = $1 LIMIT $2[0m  [["id", 1], ["LIMIT", 1]]
  ↳ app/controllers/users_controller.rb:23:in `update'
  [1m[36mTRANSACTION (0.7ms)[0m  [1m[35mBEGIN[0m
  ↳ app/controllers/users_controller.rb:23:in `update'
  [1m[36mCreateUsers Update (2.2ms)[0m  [1m[33mUPDATE "create_users" SET "name" = $1, "email" = $2, "updated_at" = $3 WHERE "create_users"."id" = $4[0m  [["name", "Bob"], ["email", "Bob@gmail.com"], ["updated_at", "2022-10-19 19:43:08.414244"], ["id", 1]]
  ↳ app/controllers/users_controller.rb:23:in `update'
  [1m[36mTRANSACTION (21.2ms)[0m  [1m[35mCOMMIT[0m
  ↳ app/controllers/users_controller.rb:23:in `update'
Completed 200 OK in 69ms (Views: 1.3ms | ActiveRecord: 34.4ms | Allocations: 9469)


